CRITICAL - 2022-06-06 00:59:25 --> Invalid file: contact.php
#0 C:\xampp\htdocs\lab11_ci\ci4\system\View\View.php(198): CodeIgniter\Exceptions\FrameworkException::forInvalidFile('contact.php')
#1 C:\xampp\htdocs\lab11_ci\ci4\system\Common.php(1089): CodeIgniter\View\View->render('contact', Array, true)
#2 C:\xampp\htdocs\lab11_ci\ci4\app\Controllers\page.php(17): view('contact', Array)
#3 C:\xampp\htdocs\lab11_ci\ci4\system\CodeIgniter.php(832): App\Controllers\Page->contact()
#4 C:\xampp\htdocs\lab11_ci\ci4\system\CodeIgniter.php(419): CodeIgniter\CodeIgniter->runController(Object(App\Controllers\Page))
#5 C:\xampp\htdocs\lab11_ci\ci4\system\CodeIgniter.php(326): CodeIgniter\CodeIgniter->handleRequest(NULL, Object(Config\Cache), false)
#6 C:\xampp\htdocs\lab11_ci\ci4\public\index.php(37): CodeIgniter\CodeIgniter->run()
#7 {main}
CRITICAL - 2022-06-06 01:05:54 --> Invalid file: contact.php
#0 C:\xampp\htdocs\lab11_ci\ci4\system\View\View.php(198): CodeIgniter\Exceptions\FrameworkException::forInvalidFile('contact.php')
#1 C:\xampp\htdocs\lab11_ci\ci4\system\Common.php(1089): CodeIgniter\View\View->render('contact', Array, true)
#2 C:\xampp\htdocs\lab11_ci\ci4\app\Controllers\page.php(17): view('contact', Array)
#3 C:\xampp\htdocs\lab11_ci\ci4\system\CodeIgniter.php(832): App\Controllers\Page->contact()
#4 C:\xampp\htdocs\lab11_ci\ci4\system\CodeIgniter.php(419): CodeIgniter\CodeIgniter->runController(Object(App\Controllers\Page))
#5 C:\xampp\htdocs\lab11_ci\ci4\system\CodeIgniter.php(326): CodeIgniter\CodeIgniter->handleRequest(NULL, Object(Config\Cache), false)
#6 C:\xampp\htdocs\lab11_ci\ci4\public\index.php(37): CodeIgniter\CodeIgniter->run()
#7 {main}
CRITICAL - 2022-06-06 01:06:11 --> Invalid file: contact.php
#0 C:\xampp\htdocs\lab11_ci\ci4\system\View\View.php(198): CodeIgniter\Exceptions\FrameworkException::forInvalidFile('contact.php')
#1 C:\xampp\htdocs\lab11_ci\ci4\system\Common.php(1089): CodeIgniter\View\View->render('contact', Array, true)
#2 C:\xampp\htdocs\lab11_ci\ci4\app\Controllers\page.php(17): view('contact', Array)
#3 C:\xampp\htdocs\lab11_ci\ci4\system\CodeIgniter.php(832): App\Controllers\Page->contact()
#4 C:\xampp\htdocs\lab11_ci\ci4\system\CodeIgniter.php(419): CodeIgniter\CodeIgniter->runController(Object(App\Controllers\Page))
#5 C:\xampp\htdocs\lab11_ci\ci4\system\CodeIgniter.php(326): CodeIgniter\CodeIgniter->handleRequest(NULL, Object(Config\Cache), false)
#6 C:\xampp\htdocs\lab11_ci\ci4\public\index.php(37): CodeIgniter\CodeIgniter->run()
#7 {main}
